mode: set
github.com/keshu12345/notes/server/initServer.go:15.94,25.48 5 1
github.com/keshu12345/notes/server/initServer.go:25.48,27.14 2 1
github.com/keshu12345/notes/server/initServer.go:27.14,28.82 1 1
github.com/keshu12345/notes/server/initServer.go:28.82,30.6 1 0
github.com/keshu12345/notes/server/initServer.go:32.4,32.14 1 1
github.com/keshu12345/notes/server/initServer.go:34.41,38.18 4 1
github.com/keshu12345/notes/server/initServer.go:38.18,40.5 1 0
github.com/keshu12345/notes/server/initServer.go:41.4,42.14 2 1
