mode: set
github.com/keshu12345/notes/notesService/authService.go:39.76,41.2 1 0
github.com/keshu12345/notes/notesService/authService.go:43.62,45.2 1 0
github.com/keshu12345/notes/notesService/authService.go:47.85,51.48 2 0
github.com/keshu12345/notes/notesService/authService.go:51.48,54.3 2 0
github.com/keshu12345/notes/notesService/authService.go:56.2,57.16 2 0
github.com/keshu12345/notes/notesService/authService.go:57.16,60.3 2 0
github.com/keshu12345/notes/notesService/authService.go:62.2,64.66 2 0
github.com/keshu12345/notes/notesService/authService.go:64.66,67.3 2 0
github.com/keshu12345/notes/notesService/authService.go:69.2,69.18 1 0
github.com/keshu12345/notes/notesService/authService.go:71.78,74.48 2 0
github.com/keshu12345/notes/notesService/authService.go:74.48,77.3 2 0
github.com/keshu12345/notes/notesService/authService.go:79.2,80.99 2 0
github.com/keshu12345/notes/notesService/authService.go:80.99,83.3 2 0
github.com/keshu12345/notes/notesService/authService.go:85.2,86.16 2 0
github.com/keshu12345/notes/notesService/authService.go:86.16,89.3 2 0
github.com/keshu12345/notes/notesService/authService.go:91.2,92.16 2 0
github.com/keshu12345/notes/notesService/authService.go:92.16,95.3 2 0
github.com/keshu12345/notes/notesService/authService.go:97.2,97.19 1 0
github.com/keshu12345/notes/notesService/authService.go:101.47,107.16 6 0
github.com/keshu12345/notes/notesService/authService.go:107.16,109.3 1 0
github.com/keshu12345/notes/notesService/authService.go:110.2,110.25 1 0
github.com/keshu12345/notes/notesService/authService.go:113.72,117.62 2 0
github.com/keshu12345/notes/notesService/authService.go:117.62,120.3 2 0
github.com/keshu12345/notes/notesService/authService.go:123.2,123.78 1 0
github.com/keshu12345/notes/notesService/authService.go:123.78,126.3 2 0
github.com/keshu12345/notes/notesService/authService.go:128.2,128.19 1 0
github.com/keshu12345/notes/notesService/authService.go:131.83,134.86 2 0
github.com/keshu12345/notes/notesService/authService.go:134.86,137.3 2 0
github.com/keshu12345/notes/notesService/authService.go:139.2,139.18 1 0
github.com/keshu12345/notes/notesService/notes.go:29.98,34.2 5 1
github.com/keshu12345/notes/notesService/notes.go:34.2,44.3 5 1
github.com/keshu12345/notes/notesService/notes.go:54.42,61.16 3 0
github.com/keshu12345/notes/notesService/notes.go:61.16,65.3 2 0
github.com/keshu12345/notes/notesService/notes.go:69.2,70.16 2 0
github.com/keshu12345/notes/notesService/notes.go:70.16,74.3 2 0
github.com/keshu12345/notes/notesService/notes.go:77.2,77.44 1 0
github.com/keshu12345/notes/notesService/notes.go:80.41,82.16 2 0
github.com/keshu12345/notes/notesService/notes.go:82.16,86.3 2 0
github.com/keshu12345/notes/notesService/notes.go:88.2,88.46 1 0
github.com/keshu12345/notes/notesService/notes.go:91.29,94.16 2 1
github.com/keshu12345/notes/notesService/notes.go:94.16,96.3 1 0
github.com/keshu12345/notes/notesService/notes.go:96.8,98.3 1 1
github.com/keshu12345/notes/notesService/notes.go:101.29,103.16 2 1
github.com/keshu12345/notes/notesService/notes.go:103.16,107.3 1 0
github.com/keshu12345/notes/notesService/notes.go:107.8,109.3 1 1
github.com/keshu12345/notes/notesService/notes.go:112.37,114.23 2 0
github.com/keshu12345/notes/notesService/notes.go:114.23,118.3 3 0
github.com/keshu12345/notes/notesService/notes.go:120.2,120.83 1 0
github.com/keshu12345/notes/notesService/notes.go:120.83,121.58 1 0
github.com/keshu12345/notes/notesService/notes.go:121.58,123.4 1 0
github.com/keshu12345/notes/notesService/notes.go:124.3,124.21 1 0
github.com/keshu12345/notes/notesService/notes.go:127.2,127.32 1 0
github.com/keshu12345/notes/notesService/notes.go:127.32,131.3 3 0
github.com/keshu12345/notes/notesService/notes.go:133.2,133.10 1 0
